<?xml version="1.0" encoding="UTF-8"?>
<testsuites>
  <testsuite name="parse_url" timestamp="2025-04-10T13:38:26Z" hostname="07f71dbc9b9f" tests="1" skipped="0" failures="0" errors="0" time="0.017">
    <testcase time="0.017" classname="parse_url" name="create_shinylive_url_works_as_expected"/>
  </testsuite>
  <testsuite name="tag_examplesShinylive" timestamp="2025-04-10T13:38:26Z" hostname="07f71dbc9b9f" tests="51" skipped="2" failures="0" errors="0" time="0.565">
    <testcase time="0.137" classname="tag_examplesShinylive" name="examplesShinylive_tag_errors_missing_examples">
      <skipped message="Reason: On CRAN ('test-tag_examplesShinylive.R:13:3')"/>
    </testcase>
    <testcase time="0.027" classname="tag_examplesShinylive" name="examplesShinylive_tag_single_occurrence"/>
    <testcase time="0.003" classname="tag_examplesShinylive" name="examplesShinylive_tag_single_occurrence"/>
    <testcase time="0.001" classname="tag_examplesShinylive" name="examplesShinylive_tag_single_occurrence"/>
    <testcase time="0.003" classname="tag_examplesShinylive" name="examplesShinylive_tag_single_occurrence"/>
    <testcase time="0.002" classname="tag_examplesShinylive" name="examplesShinylive_tag_single_occurrence"/>
    <testcase time="0.011" classname="tag_examplesShinylive" name="examplesShinylive_tag_multiple_occurrences"/>
    <testcase time="0.003" classname="tag_examplesShinylive" name="examplesShinylive_tag_multiple_occurrences"/>
    <testcase time="0.001" classname="tag_examplesShinylive" name="examplesShinylive_tag_multiple_occurrences"/>
    <testcase time="0.00600000000000001" classname="tag_examplesShinylive" name="examplesShinylive_tag_multiple_occurrences"/>
    <testcase time="0.002" classname="tag_examplesShinylive" name="examplesShinylive_tag_multiple_occurrences"/>
    <testcase time="0.003" classname="tag_examplesShinylive" name="examplesShinylive_tag_multiple_occurrences"/>
    <testcase time="0.003" classname="tag_examplesShinylive" name="examplesShinylive_tag_multiple_occurrences"/>
    <testcase time="0.0099999999999999" classname="tag_examplesShinylive" name="examplesShinylive_tag_on_default_use_only_next_example_code"/>
    <testcase time="0.003" classname="tag_examplesShinylive" name="examplesShinylive_tag_on_default_use_only_next_example_code"/>
    <testcase time="0.001" classname="tag_examplesShinylive" name="examplesShinylive_tag_on_default_use_only_next_example_code"/>
    <testcase time="0.003" classname="tag_examplesShinylive" name="examplesShinylive_tag_on_default_use_only_next_example_code"/>
    <testcase time="0.003" classname="tag_examplesShinylive" name="examplesShinylive_tag_on_default_use_only_next_example_code"/>
    <testcase time="0.01" classname="tag_examplesShinylive" name="examplesShinylive_tag_keywords_next_example_"/>
    <testcase time="0.003" classname="tag_examplesShinylive" name="examplesShinylive_tag_keywords_next_example_"/>
    <testcase time="0.001" classname="tag_examplesShinylive" name="examplesShinylive_tag_keywords_next_example_"/>
    <testcase time="0.003" classname="tag_examplesShinylive" name="examplesShinylive_tag_keywords_next_example_"/>
    <testcase time="0.003" classname="tag_examplesShinylive" name="examplesShinylive_tag_keywords_next_example_"/>
    <testcase time="0.012" classname="tag_examplesShinylive" name="examplesShinylive_tag_keywords_prev_example_"/>
    <testcase time="0.003" classname="tag_examplesShinylive" name="examplesShinylive_tag_keywords_prev_example_"/>
    <testcase time="0.001" classname="tag_examplesShinylive" name="examplesShinylive_tag_keywords_prev_example_"/>
    <testcase time="0.003" classname="tag_examplesShinylive" name="examplesShinylive_tag_keywords_prev_example_"/>
    <testcase time="0.003" classname="tag_examplesShinylive" name="examplesShinylive_tag_keywords_prev_example_"/>
    <testcase time="0.01" classname="tag_examplesShinylive" name="examplesShinylive_tag_keywords_examples_"/>
    <testcase time="0.003" classname="tag_examplesShinylive" name="examplesShinylive_tag_keywords_examples_"/>
    <testcase time="0.001" classname="tag_examplesShinylive" name="examplesShinylive_tag_keywords_examples_"/>
    <testcase time="0.003" classname="tag_examplesShinylive" name="examplesShinylive_tag_keywords_examples_"/>
    <testcase time="0.003" classname="tag_examplesShinylive" name="examplesShinylive_tag_keywords_examples_"/>
    <testcase time="0.01" classname="tag_examplesShinylive" name="examplesShinylive_tag_keywords_tags_examples_"/>
    <testcase time="0.003" classname="tag_examplesShinylive" name="examplesShinylive_tag_keywords_tags_examples_"/>
    <testcase time="0.001" classname="tag_examplesShinylive" name="examplesShinylive_tag_keywords_tags_examples_"/>
    <testcase time="0.003" classname="tag_examplesShinylive" name="examplesShinylive_tag_keywords_tags_examples_"/>
    <testcase time="0.003" classname="tag_examplesShinylive" name="examplesShinylive_tag_keywords_tags_examples_"/>
    <testcase time="0.084" classname="tag_examplesShinylive" name="examplesShinylive_tag_keywords_error_when_parsing_with_glue">
      <skipped message="Reason: On CRAN ('test-tag_examplesShinylive.R:256:3')"/>
    </testcase>
    <testcase time="0.034" classname="tag_examplesShinylive" name="examplesShinylive_tag_decorate_using_next_example_keyword"/>
    <testcase time="0.003" classname="tag_examplesShinylive" name="examplesShinylive_tag_decorate_using_next_example_keyword"/>
    <testcase time="0.002" classname="tag_examplesShinylive" name="examplesShinylive_tag_decorate_using_next_example_keyword"/>
    <testcase time="0.003" classname="tag_examplesShinylive" name="examplesShinylive_tag_decorate_using_next_example_keyword"/>
    <testcase time="0.002" classname="tag_examplesShinylive" name="examplesShinylive_tag_decorate_using_next_example_keyword"/>
    <testcase time="0.0780000000000001" classname="tag_examplesShinylive" name="format_returns_Rd_parsable_to_HTML"/>
    <testcase time="0.002" classname="tag_examplesShinylive" name="format_returns_Rd_parsable_to_HTML"/>
    <testcase time="0.0259999999999998" classname="tag_examplesShinylive" name="format_returns_Rd_parsable_to_tidy_HTML"/>
    <testcase time="0.0110000000000001" classname="tag_examplesShinylive" name="examplesShinylive_tag_respect_order_of_tags_before_examples"/>
    <testcase time="0.00099999999999989" classname="tag_examplesShinylive" name="examplesShinylive_tag_respect_order_of_tags_before_examples"/>
    <testcase time="0.014" classname="tag_examplesShinylive" name="examplesShinylive_tag_respect_order_of_tags_after_examples"/>
    <testcase time="0.00100000000000011" classname="tag_examplesShinylive" name="examplesShinylive_tag_respect_order_of_tags_after_examples"/>
  </testsuite>
</testsuites>
